<?xml version="1.0" encoding="UTF-8"?>
<!-- Generated by org.testng.reporters.JUnitReportReporter -->
<testsuite hostname="DESKTOP-EP6UAGA" failures="0" tests="1" name="TestRunners.MyTestRunner" time="56.855" errors="0" timestamp="2024-08-15T15:26:15 GST" skipped="0">
  <testcase classname="TestRunners.MyTestRunner" name="runScenario" time="56.855"/>
  <system-out/>
</testsuite> <!-- TestRunners.MyTestRunner -->
